<?xml version="1.0" encoding="UTF-8"?>
<!-- Generated by org.testng.reporters.JUnitReportReporter -->
<testsuite skipped="0" hostname="Anusha-LT" name="testcases.TC001_CreateLead" tests="1" failures="0" timestamp="03 Jun 2018 06:35:08 GMT" time="14.502" errors="0">
  <testcase name="loginAndLogout" time="14.502" classname="testcases.TC001_CreateLead"/>
</testsuite> <!-- testcases.TC001_CreateLead -->
